[debug] [2022-08-23T08:33:06.240Z] ----------------------------------------------------------------------
[debug] [2022-08-23T08:33:06.243Z] Command:       C:\Program Files\nodejs\node.exe C:\Users\Anakha.DESKTOP-JCD0B2K\AppData\Roaming\npm\node_modules\firebase-tools\lib\bin\firebase.js init
[debug] [2022-08-23T08:33:06.244Z] CLI Version:   11.8.0
[debug] [2022-08-23T08:33:06.244Z] Platform:      win32
[debug] [2022-08-23T08:33:06.244Z] Node Version:  v16.10.0
[debug] [2022-08-23T08:33:06.246Z] Time:          Tue Aug 23 2022 14:03:06 GMT+0530 (India Standard Time)
[debug] [2022-08-23T08:33:06.246Z] ----------------------------------------------------------------------
[debug] 
[debug] [2022-08-23T08:33:06.258Z] > command requires scopes: ["email","openid","https://www.googleapis.com/auth/cloudplatformprojects.readonly","https://www.googleapis.com/auth/firebase","https://www.googleapis.com/auth/cloud-platform"]
[debug] [2022-08-23T08:33:06.259Z] > authorizing via signed-in user (anakhasuresh20@gmail.com)
[info] 
     ######## #### ########  ######## ########     ###     ######  ########
     ##        ##  ##     ## ##       ##     ##  ##   ##  ##       ##
     ######    ##  ########  ######   ########  #########  ######  ######
     ##        ##  ##    ##  ##       ##     ## ##     ##       ## ##
     ##       #### ##     ## ######## ########  ##     ##  ######  ########

You're about to initialize a Firebase project in this directory:

  C:\Users\Anakha.DESKTOP-JCD0B2K\Desktop\Angular\projects\WeTalk-Chat-backend

[info] 
=== Project Setup
[info] 
[info] First, let's associate this project directory with a Firebase project.
[info] You can create multiple project aliases by running firebase use --add, 
[info] but for now we'll just set up a default project.
[info] 
[debug] [2022-08-23T08:33:25.652Z] > refreshing access token with scopes: []
[debug] [2022-08-23T08:33:25.658Z] >>> [apiv2][query] POST https://www.googleapis.com/oauth2/v3/token [none]
[debug] [2022-08-23T08:33:25.658Z] >>> [apiv2][body] POST https://www.googleapis.com/oauth2/v3/token [omitted]
[debug] [2022-08-23T08:33:25.918Z] <<< [apiv2][status] POST https://www.googleapis.com/oauth2/v3/token 200
[debug] [2022-08-23T08:33:25.919Z] <<< [apiv2][body] POST https://www.googleapis.com/oauth2/v3/token [omitted]
[debug] [2022-08-23T08:33:26.097Z] >>> [apiv2][query] GET https://firebase.googleapis.com/v1beta1/projects pageSize=100
[debug] [2022-08-23T08:33:26.803Z] <<< [apiv2][status] GET https://firebase.googleapis.com/v1beta1/projects 200
[debug] [2022-08-23T08:33:26.804Z] <<< [apiv2][body] GET https://firebase.googleapis.com/v1beta1/projects [omitted]
[info] i  Using project wetalk-chat-backend (WeTalk-Chat-backend) 
[info] 
=== Hosting Setup
[info] 
[info] Your public directory is the folder (relative to your project directory) that
[info] will contain Hosting assets to be uploaded with firebase deploy. If you
[info] have a build process for your assets, use your build's output directory.
[info] 
